<?xml version="1.0" encoding="UTF-8"?>
<!-- Generated by org.testng.reporters.JUnitXMLReporter -->
<testsuite hostname="Shravans-MBP" name="Package with subpackages" tests="2" failures="0" timestamp="16 Oct 2017 21:34:41 GMT" time="14.995" errors="0">
  <testcase name="run_cukes" time="8.475" classname="com.shravan.TestNGCucumber.runners.Test1FeatureRunner"/>
  <testcase name="run_cukes" time="6.489" classname="com.shravan.TestNGCucumber.runners.Test2FeatureRunner"/>
</testsuite> <!-- Package with subpackages -->
