<?xml version="1.0" encoding="UTF-8"?>
<!-- Generated by org.testng.reporters.JUnitXMLReporter -->
<testsuite hostname="Shravans-MBP" name="Command line test" tests="2" failures="0" timestamp="16 Oct 2017 21:45:33 GMT" time="14.43" errors="0">
  <testcase name="run_cukes" time="8.489" classname="com.shravan.TestNGCucumber.runners.Test1FeatureRunner"/>
  <testcase name="run_cukes" time="5.927" classname="com.shravan.TestNGCucumber.runners.Test2FeatureRunner"/>
</testsuite> <!-- Command line test -->
