<?xml version="1.0" encoding="UTF-8"?>
<testng-results skipped="0" failed="0" total="2" passed="2">
  <reporter-output>
    <line>
      <![CDATA[<div "featureFile">Feature File: src&#x2F;test&#x2F;resources&#x2F;features&#x2F;test1.feature</div>]]>
    </line>
    <line>
      <![CDATA[<div "feature">Feature: feature 1</div>]]>
    </line>
    <line>
      <![CDATA[<div "scenario">Scenario: testing feature 1</div>]]>
    </line>
    <line>
      <![CDATA[<div "result">Given  I am on &quot;https:&#x2F;&#x2F;www.google.com&quot; (passed : 4s)</div>]]>
    </line>
    <line>
      <![CDATA[<div "featureFile">Feature File: src&#x2F;test&#x2F;resources&#x2F;features&#x2F;test2.feature</div>]]>
    </line>
    <line>
      <![CDATA[<div "feature">Feature: feature 2</div>]]>
    </line>
    <line>
      <![CDATA[<div "scenario">Scenario: testing feature 2</div>]]>
    </line>
    <line>
      <![CDATA[<div "result">Given  I am on &quot;https:&#x2F;&#x2F;www.facebook.com&quot; (passed : 2s)</div>]]>
    </line>
  </reporter-output>
  <suite name="Command line suite" duration-ms="14430" started-at="2017-10-16T21:45:19Z" finished-at="2017-10-16T21:45:33Z">
    <groups>
      <group name="cucumber">
        <method signature="AbstractTestNGCucumberTests.run_cukes()[pri:0, instance:com.shravan.TestNGCucumber.runners.Test1FeatureRunner@3dd3bcd]" name="run_cukes" class="cucumber.api.testng.AbstractTestNGCucumberTests"/>
        <method signature="AbstractTestNGCucumberTests.run_cukes()[pri:0, instance:com.shravan.TestNGCucumber.runners.Test2FeatureRunner@35fb3008]" name="run_cukes" class="cucumber.api.testng.AbstractTestNGCucumberTests"/>
      </group> <!-- cucumber -->
    </groups>
    <test name="Command line test" duration-ms="14430" started-at="2017-10-16T21:45:19Z" finished-at="2017-10-16T21:45:33Z">
      <class name="com.shravan.TestNGCucumber.runners.Test1FeatureRunner">
        <test-method status="PASS" signature="run_cukes()[pri:0, instance:com.shravan.TestNGCucumber.runners.Test1FeatureRunner@3dd3bcd]" name="run_cukes" duration-ms="8489" started-at="2017-10-16T22:45:19Z" description="Runs Cucumber Features" finished-at="2017-10-16T22:45:27Z">
          <reporter-output>
            <line>
              <![CDATA[<div "featureFile">Feature File: src&#x2F;test&#x2F;resources&#x2F;features&#x2F;test1.feature</div>]]>
            </line>
            <line>
              <![CDATA[<div "feature">Feature: feature 1</div>]]>
            </line>
            <line>
              <![CDATA[<div "scenario">Scenario: testing feature 1</div>]]>
            </line>
            <line>
              <![CDATA[<div "result">Given  I am on &quot;https:&#x2F;&#x2F;www.google.com&quot; (passed : 4s)</div>]]>
            </line>
          </reporter-output>
        </test-method> <!-- run_cukes -->
      </class> <!-- com.shravan.TestNGCucumber.runners.Test1FeatureRunner -->
      <class name="com.shravan.TestNGCucumber.runners.Test2FeatureRunner">
        <test-method status="PASS" signature="run_cukes()[pri:0, instance:com.shravan.TestNGCucumber.runners.Test2FeatureRunner@35fb3008]" name="run_cukes" duration-ms="5927" started-at="2017-10-16T22:45:27Z" description="Runs Cucumber Features" finished-at="2017-10-16T22:45:33Z">
          <reporter-output>
            <line>
              <![CDATA[<div "featureFile">Feature File: src&#x2F;test&#x2F;resources&#x2F;features&#x2F;test2.feature</div>]]>
            </line>
            <line>
              <![CDATA[<div "feature">Feature: feature 2</div>]]>
            </line>
            <line>
              <![CDATA[<div "scenario">Scenario: testing feature 2</div>]]>
            </line>
            <line>
              <![CDATA[<div "result">Given  I am on &quot;https:&#x2F;&#x2F;www.facebook.com&quot; (passed : 2s)</div>]]>
            </line>
          </reporter-output>
        </test-method> <!-- run_cukes -->
      </class> <!-- com.shravan.TestNGCucumber.runners.Test2FeatureRunner -->
    </test> <!-- Command line test -->
  </suite> <!-- Command line suite -->
</testng-results>
