<?xml version="1.0" encoding="UTF-8"?>
<testng-results skipped="0" failed="0" total="2" passed="2">
  <reporter-output>
    <line>
      <![CDATA[<div "featureFile">Feature File: src&#x2F;test&#x2F;resources&#x2F;features&#x2F;test1.feature</div>]]>
    </line>
    <line>
      <![CDATA[<div "feature">Feature: feature 1</div>]]>
    </line>
    <line>
      <![CDATA[<div "scenario">Scenario: testing feature 1</div>]]>
    </line>
    <line>
      <![CDATA[<div "result">Given  I am on &quot;https:&#x2F;&#x2F;www.google.com&quot; (passed : 2s)</div>]]>
    </line>
    <line>
      <![CDATA[<div "featureFile">Feature File: src&#x2F;test&#x2F;resources&#x2F;features&#x2F;test2.feature</div>]]>
    </line>
    <line>
      <![CDATA[<div "feature">Feature: feature 2</div>]]>
    </line>
    <line>
      <![CDATA[<div "scenario">Scenario: testing feature 2</div>]]>
    </line>
    <line>
      <![CDATA[<div "result">Given  I am on &quot;https:&#x2F;&#x2F;www.facebook.com&quot; (passed : 2s)</div>]]>
    </line>
  </reporter-output>
  <suite name="Test runner" duration-ms="14995" started-at="2017-10-16T21:34:26Z" finished-at="2017-10-16T21:34:41Z">
    <groups>
      <group name="cucumber">
        <method signature="AbstractTestNGCucumberTests.run_cukes()[pri:0, instance:com.shravan.TestNGCucumber.runners.Test1FeatureRunner@754ba872]" name="run_cukes" class="cucumber.api.testng.AbstractTestNGCucumberTests"/>
        <method signature="AbstractTestNGCucumberTests.run_cukes()[pri:0, instance:com.shravan.TestNGCucumber.runners.Test2FeatureRunner@7cd62f43]" name="run_cukes" class="cucumber.api.testng.AbstractTestNGCucumberTests"/>
      </group> <!-- cucumber -->
    </groups>
    <test name="Package with subpackages" duration-ms="14995" started-at="2017-10-16T21:34:26Z" finished-at="2017-10-16T21:34:41Z">
      <class name="com.shravan.TestNGCucumber.runners.Test1FeatureRunner">
        <test-method status="PASS" signature="run_cukes()[pri:0, instance:com.shravan.TestNGCucumber.runners.Test1FeatureRunner@754ba872]" name="run_cukes" duration-ms="8475" started-at="2017-10-16T22:34:26Z" description="Runs Cucumber Features" finished-at="2017-10-16T22:34:35Z">
          <reporter-output>
            <line>
              <![CDATA[<div "featureFile">Feature File: src&#x2F;test&#x2F;resources&#x2F;features&#x2F;test1.feature</div>]]>
            </line>
            <line>
              <![CDATA[<div "feature">Feature: feature 1</div>]]>
            </line>
            <line>
              <![CDATA[<div "scenario">Scenario: testing feature 1</div>]]>
            </line>
            <line>
              <![CDATA[<div "result">Given  I am on &quot;https:&#x2F;&#x2F;www.google.com&quot; (passed : 2s)</div>]]>
            </line>
          </reporter-output>
        </test-method> <!-- run_cukes -->
      </class> <!-- com.shravan.TestNGCucumber.runners.Test1FeatureRunner -->
      <class name="com.shravan.TestNGCucumber.runners.Test2FeatureRunner">
        <test-method status="PASS" signature="run_cukes()[pri:0, instance:com.shravan.TestNGCucumber.runners.Test2FeatureRunner@7cd62f43]" name="run_cukes" duration-ms="6489" started-at="2017-10-16T22:34:35Z" description="Runs Cucumber Features" finished-at="2017-10-16T22:34:41Z">
          <reporter-output>
            <line>
              <![CDATA[<div "featureFile">Feature File: src&#x2F;test&#x2F;resources&#x2F;features&#x2F;test2.feature</div>]]>
            </line>
            <line>
              <![CDATA[<div "feature">Feature: feature 2</div>]]>
            </line>
            <line>
              <![CDATA[<div "scenario">Scenario: testing feature 2</div>]]>
            </line>
            <line>
              <![CDATA[<div "result">Given  I am on &quot;https:&#x2F;&#x2F;www.facebook.com&quot; (passed : 2s)</div>]]>
            </line>
          </reporter-output>
        </test-method> <!-- run_cukes -->
      </class> <!-- com.shravan.TestNGCucumber.runners.Test2FeatureRunner -->
    </test> <!-- Package with subpackages -->
  </suite> <!-- Test runner -->
</testng-results>
